G:\COCOS2DX\THIEFTD\PROJ.WIN32\DEBUG.WIN32\LIBCOCOS2D.LIB
G:\cocos2dx\thiefTD\cocos2d\cocos\2d\Debug.win32\aabb.obj
G:\cocos2dx\thiefTD\cocos2d\cocos\2d\Debug.win32\atitc.obj
G:\cocos2dx\thiefTD\cocos2d\cocos\2d\Debug.win32\base64.obj
G:\cocos2dx\thiefTD\cocos2d\cocos\2d\Debug.win32\CCAction.obj
G:\cocos2dx\thiefTD\cocos2d\cocos\2d\Debug.win32\CCActionCamera.obj
G:\cocos2dx\thiefTD\cocos2d\cocos\2d\Debug.win32\CCActionCatmullRom.obj
G:\cocos2dx\thiefTD\cocos2d\cocos\2d\Debug.win32\CCActionEase.obj
G:\cocos2dx\thiefTD\cocos2d\cocos\2d\Debug.win32\CCActionGrid.obj
G:\cocos2dx\thiefTD\cocos2d\cocos\2d\Debug.win32\CCActionGrid3D.obj
G:\cocos2dx\thiefTD\cocos2d\cocos\2d\Debug.win32\CCActionInstant.obj
G:\cocos2dx\thiefTD\cocos2d\cocos\2d\Debug.win32\CCActionInterval.obj
G:\cocos2dx\thiefTD\cocos2d\cocos\2d\Debug.win32\CCActionManager.obj
G:\cocos2dx\thiefTD\cocos2d\cocos\2d\Debug.win32\CCActionPageTurn3D.obj
G:\cocos2dx\thiefTD\cocos2d\cocos\2d\Debug.win32\CCActionProgressTimer.obj
G:\cocos2dx\thiefTD\cocos2d\cocos\2d\Debug.win32\CCActionTiledGrid.obj
G:\cocos2dx\thiefTD\cocos2d\cocos\2d\Debug.win32\CCActionTween.obj
G:\cocos2dx\thiefTD\cocos2d\cocos\2d\Debug.win32\CCAffineTransform.obj
G:\cocos2dx\thiefTD\cocos2d\cocos\2d\Debug.win32\CCAnimation.obj
G:\cocos2dx\thiefTD\cocos2d\cocos\2d\Debug.win32\CCAnimationCache.obj
G:\cocos2dx\thiefTD\cocos2d\cocos\2d\Debug.win32\CCApplication.obj
G:\cocos2dx\thiefTD\cocos2d\cocos\2d\Debug.win32\CCArray.obj
G:\cocos2dx\thiefTD\cocos2d\cocos\2d\Debug.win32\CCAtlasNode.obj
G:\cocos2dx\thiefTD\cocos2d\cocos\2d\Debug.win32\CCAutoreleasePool.obj
G:\cocos2dx\thiefTD\cocos2d\cocos\2d\Debug.win32\CCBatchCommand.obj
G:\cocos2dx\thiefTD\cocos2d\cocos\2d\Debug.win32\ccCArray.obj
G:\cocos2dx\thiefTD\cocos2d\cocos\2d\Debug.win32\CCClippingNode.obj
G:\cocos2dx\thiefTD\cocos2d\cocos\2d\Debug.win32\CCCommon.obj
G:\cocos2dx\thiefTD\cocos2d\cocos\2d\Debug.win32\CCComponent.obj
G:\cocos2dx\thiefTD\cocos2d\cocos\2d\Debug.win32\CCComponentContainer.obj
G:\cocos2dx\thiefTD\cocos2d\cocos\2d\Debug.win32\CCConfiguration.obj
G:\cocos2dx\thiefTD\cocos2d\cocos\2d\Debug.win32\CCConsole.obj
G:\cocos2dx\thiefTD\cocos2d\cocos\2d\Debug.win32\CCCustomCommand.obj
G:\cocos2dx\thiefTD\cocos2d\cocos\2d\Debug.win32\CCData.obj
G:\cocos2dx\thiefTD\cocos2d\cocos\2d\Debug.win32\CCDataVisitor.obj
G:\cocos2dx\thiefTD\cocos2d\cocos\2d\Debug.win32\CCDeprecated.obj
G:\cocos2dx\thiefTD\cocos2d\cocos\2d\Debug.win32\CCDevice.obj
G:\cocos2dx\thiefTD\cocos2d\cocos\2d\Debug.win32\CCDictionary.obj
G:\cocos2dx\thiefTD\cocos2d\cocos\2d\Debug.win32\CCDirector.obj
G:\cocos2dx\thiefTD\cocos2d\cocos\2d\Debug.win32\CCDrawingPrimitives.obj
G:\cocos2dx\thiefTD\cocos2d\cocos\2d\Debug.win32\CCDrawNode.obj
G:\cocos2dx\thiefTD\cocos2d\cocos\2d\Debug.win32\CCEvent.obj
G:\cocos2dx\thiefTD\cocos2d\cocos\2d\Debug.win32\CCEventAcceleration.obj
G:\cocos2dx\thiefTD\cocos2d\cocos\2d\Debug.win32\CCEventCustom.obj
G:\cocos2dx\thiefTD\cocos2d\cocos\2d\Debug.win32\CCEventDispatcher.obj
G:\cocos2dx\thiefTD\cocos2d\cocos\2d\Debug.win32\CCEventKeyboard.obj
G:\cocos2dx\thiefTD\cocos2d\cocos\2d\Debug.win32\CCEventListener.obj
G:\cocos2dx\thiefTD\cocos2d\cocos\2d\Debug.win32\CCEventListenerAcceleration.obj
G:\cocos2dx\thiefTD\cocos2d\cocos\2d\Debug.win32\CCEventListenerCustom.obj
G:\cocos2dx\thiefTD\cocos2d\cocos\2d\Debug.win32\CCEventListenerKeyboard.obj
G:\cocos2dx\thiefTD\cocos2d\cocos\2d\Debug.win32\CCEventListenerMouse.obj
G:\cocos2dx\thiefTD\cocos2d\cocos\2d\Debug.win32\CCEventListenerTouch.obj
G:\cocos2dx\thiefTD\cocos2d\cocos\2d\Debug.win32\CCEventMouse.obj
G:\cocos2dx\thiefTD\cocos2d\cocos\2d\Debug.win32\CCEventTouch.obj
G:\cocos2dx\thiefTD\cocos2d\cocos\2d\Debug.win32\CCFileUtils.obj
G:\cocos2dx\thiefTD\cocos2d\cocos\2d\Debug.win32\CCFileUtilsWin32.obj
G:\cocos2dx\thiefTD\cocos2d\cocos\2d\Debug.win32\CCFont.obj
G:\cocos2dx\thiefTD\cocos2d\cocos\2d\Debug.win32\CCFontAtlas.obj
G:\cocos2dx\thiefTD\cocos2d\cocos\2d\Debug.win32\CCFontAtlasCache.obj
G:\cocos2dx\thiefTD\cocos2d\cocos\2d\Debug.win32\CCFontCharMap.obj
G:\cocos2dx\thiefTD\cocos2d\cocos\2d\Debug.win32\CCFontFNT.obj
G:\cocos2dx\thiefTD\cocos2d\cocos\2d\Debug.win32\CCFontFreeType.obj
G:\cocos2dx\thiefTD\cocos2d\cocos\2d\Debug.win32\ccFPSImages.obj
G:\cocos2dx\thiefTD\cocos2d\cocos\2d\Debug.win32\CCFrustum.obj
G:\cocos2dx\thiefTD\cocos2d\cocos\2d\Debug.win32\CCGeometry.obj
G:\cocos2dx\thiefTD\cocos2d\cocos\2d\Debug.win32\CCGLProgram.obj
G:\cocos2dx\thiefTD\cocos2d\cocos\2d\Debug.win32\ccGLStateCache.obj
G:\cocos2dx\thiefTD\cocos2d\cocos\2d\Debug.win32\CCGLView.obj
G:\cocos2dx\thiefTD\cocos2d\cocos\2d\Debug.win32\CCGLViewProtocol.obj
G:\cocos2dx\thiefTD\cocos2d\cocos\2d\Debug.win32\CCGrabber.obj
G:\cocos2dx\thiefTD\cocos2d\cocos\2d\Debug.win32\CCGrid.obj
G:\cocos2dx\thiefTD\cocos2d\cocos\2d\Debug.win32\CCGroupCommand.obj
G:\cocos2dx\thiefTD\cocos2d\cocos\2d\Debug.win32\CCImage.obj
G:\cocos2dx\thiefTD\cocos2d\cocos\2d\Debug.win32\CCIMEDispatcher.obj
G:\cocos2dx\thiefTD\cocos2d\cocos\2d\Debug.win32\CCLabel.obj
G:\cocos2dx\thiefTD\cocos2d\cocos\2d\Debug.win32\CCLabelAtlas.obj
G:\cocos2dx\thiefTD\cocos2d\cocos\2d\Debug.win32\CCLabelBMFont.obj
G:\cocos2dx\thiefTD\cocos2d\cocos\2d\Debug.win32\CCLabelTextFormatter.obj
G:\cocos2dx\thiefTD\cocos2d\cocos\2d\Debug.win32\CCLabelTTF.obj
G:\cocos2dx\thiefTD\cocos2d\cocos\2d\Debug.win32\CCLayer.obj
G:\cocos2dx\thiefTD\cocos2d\cocos\2d\Debug.win32\CCMaterialManager.obj
G:\cocos2dx\thiefTD\cocos2d\cocos\2d\Debug.win32\CCMenu.obj
G:\cocos2dx\thiefTD\cocos2d\cocos\2d\Debug.win32\CCMenuItem.obj
G:\cocos2dx\thiefTD\cocos2d\cocos\2d\Debug.win32\CCMotionStreak.obj
G:\cocos2dx\thiefTD\cocos2d\cocos\2d\Debug.win32\CCNode.obj
G:\cocos2dx\thiefTD\cocos2d\cocos\2d\Debug.win32\CCNodeGrid.obj
G:\cocos2dx\thiefTD\cocos2d\cocos\2d\Debug.win32\CCNotificationCenter.obj
G:\cocos2dx\thiefTD\cocos2d\cocos\2d\Debug.win32\CCNS.obj
G:\cocos2dx\thiefTD\cocos2d\cocos\2d\Debug.win32\CCParallaxNode.obj
G:\cocos2dx\thiefTD\cocos2d\cocos\2d\Debug.win32\CCParticleBatchNode.obj
G:\cocos2dx\thiefTD\cocos2d\cocos\2d\Debug.win32\CCParticleExamples.obj
G:\cocos2dx\thiefTD\cocos2d\cocos\2d\Debug.win32\CCParticleSystem.obj
G:\cocos2dx\thiefTD\cocos2d\cocos\2d\Debug.win32\CCParticleSystemQuad.obj
G:\cocos2dx\thiefTD\cocos2d\cocos\2d\Debug.win32\CCPhysicsBody.obj
G:\cocos2dx\thiefTD\cocos2d\cocos\2d\Debug.win32\CCPhysicsBodyInfo_chipmunk.obj
G:\cocos2dx\thiefTD\cocos2d\cocos\2d\Debug.win32\CCPhysicsContact.obj
G:\cocos2dx\thiefTD\cocos2d\cocos\2d\Debug.win32\CCPhysicsContactInfo_chipmunk.obj
G:\cocos2dx\thiefTD\cocos2d\cocos\2d\Debug.win32\CCPhysicsJoint.obj
G:\cocos2dx\thiefTD\cocos2d\cocos\2d\Debug.win32\CCPhysicsJointInfo_chipmunk.obj
G:\cocos2dx\thiefTD\cocos2d\cocos\2d\Debug.win32\CCPhysicsShape.obj
G:\cocos2dx\thiefTD\cocos2d\cocos\2d\Debug.win32\CCPhysicsShapeInfo_chipmunk.obj
G:\cocos2dx\thiefTD\cocos2d\cocos\2d\Debug.win32\CCPhysicsWorld.obj
G:\cocos2dx\thiefTD\cocos2d\cocos\2d\Debug.win32\CCPhysicsWorldInfo_chipmunk.obj
G:\cocos2dx\thiefTD\cocos2d\cocos\2d\Debug.win32\CCProfiling.obj
G:\cocos2dx\thiefTD\cocos2d\cocos\2d\Debug.win32\CCProgressTimer.obj
G:\cocos2dx\thiefTD\cocos2d\cocos\2d\Debug.win32\CCQuadCommand.obj
G:\cocos2dx\thiefTD\cocos2d\cocos\2d\Debug.win32\CCRef.obj
G:\cocos2dx\thiefTD\cocos2d\cocos\2d\Debug.win32\CCRenderCommand.obj
G:\cocos2dx\thiefTD\cocos2d\cocos\2d\Debug.win32\CCRenderer.obj
G:\cocos2dx\thiefTD\cocos2d\cocos\2d\Debug.win32\CCRenderMaterial.obj
G:\cocos2dx\thiefTD\cocos2d\cocos\2d\Debug.win32\CCRenderTexture.obj
G:\cocos2dx\thiefTD\cocos2d\cocos\2d\Debug.win32\CCSAXParser.obj
G:\cocos2dx\thiefTD\cocos2d\cocos\2d\Debug.win32\CCScene.obj
G:\cocos2dx\thiefTD\cocos2d\cocos\2d\Debug.win32\CCScheduler.obj
G:\cocos2dx\thiefTD\cocos2d\cocos\2d\Debug.win32\CCScriptSupport.obj
G:\cocos2dx\thiefTD\cocos2d\cocos\2d\Debug.win32\CCSet.obj
G:\cocos2dx\thiefTD\cocos2d\cocos\2d\Debug.win32\CCShaderCache.obj
G:\cocos2dx\thiefTD\cocos2d\cocos\2d\Debug.win32\ccShaders.obj
G:\cocos2dx\thiefTD\cocos2d\cocos\2d\Debug.win32\CCSprite.obj
G:\cocos2dx\thiefTD\cocos2d\cocos\2d\Debug.win32\CCSpriteBatchNode.obj
G:\cocos2dx\thiefTD\cocos2d\cocos\2d\Debug.win32\CCSpriteFrame.obj
G:\cocos2dx\thiefTD\cocos2d\cocos\2d\Debug.win32\CCSpriteFrameCache.obj
G:\cocos2dx\thiefTD\cocos2d\cocos\2d\Debug.win32\CCStdC.obj
G:\cocos2dx\thiefTD\cocos2d\cocos\2d\Debug.win32\CCString.obj
G:\cocos2dx\thiefTD\cocos2d\cocos\2d\Debug.win32\CCTextFieldTTF.obj
G:\cocos2dx\thiefTD\cocos2d\cocos\2d\Debug.win32\CCTexture2D.obj
G:\cocos2dx\thiefTD\cocos2d\cocos\2d\Debug.win32\CCTextureAtlas.obj
G:\cocos2dx\thiefTD\cocos2d\cocos\2d\Debug.win32\CCTextureCache.obj
G:\cocos2dx\thiefTD\cocos2d\cocos\2d\Debug.win32\CCThread.obj
G:\cocos2dx\thiefTD\cocos2d\cocos\2d\Debug.win32\CCTileMapAtlas.obj
G:\cocos2dx\thiefTD\cocos2d\cocos\2d\Debug.win32\CCTMXLayer.obj
G:\cocos2dx\thiefTD\cocos2d\cocos\2d\Debug.win32\CCTMXObjectGroup.obj
G:\cocos2dx\thiefTD\cocos2d\cocos\2d\Debug.win32\CCTMXTiledMap.obj
G:\cocos2dx\thiefTD\cocos2d\cocos\2d\Debug.win32\CCTMXXMLParser.obj
G:\cocos2dx\thiefTD\cocos2d\cocos\2d\Debug.win32\CCTouch.obj
G:\cocos2dx\thiefTD\cocos2d\cocos\2d\Debug.win32\CCTransition.obj
G:\cocos2dx\thiefTD\cocos2d\cocos\2d\Debug.win32\CCTransitionPageTurn.obj
G:\cocos2dx\thiefTD\cocos2d\cocos\2d\Debug.win32\CCTransitionProgress.obj
G:\cocos2dx\thiefTD\cocos2d\cocos\2d\Debug.win32\CCTweenFunction.obj
G:\cocos2dx\thiefTD\cocos2d\cocos\2d\Debug.win32\ccTypes.obj
G:\cocos2dx\thiefTD\cocos2d\cocos\2d\Debug.win32\CCUserDefault.obj
G:\cocos2dx\thiefTD\cocos2d\cocos\2d\Debug.win32\ccUTF8.obj
G:\cocos2dx\thiefTD\cocos2d\cocos\2d\Debug.win32\ccUtils.obj
G:\cocos2dx\thiefTD\cocos2d\cocos\2d\Debug.win32\CCValue.obj
G:\cocos2dx\thiefTD\cocos2d\cocos\2d\Debug.win32\CCVertex.obj
G:\cocos2dx\thiefTD\cocos2d\cocos\2d\Debug.win32\cocos2d.obj
G:\cocos2dx\thiefTD\cocos2d\cocos\2d\Debug.win32\edtaa3func.obj
G:\cocos2dx\thiefTD\cocos2d\cocos\2d\Debug.win32\etc1.obj
G:\cocos2dx\thiefTD\cocos2d\cocos\2d\Debug.win32\ioapi.obj
G:\cocos2dx\thiefTD\cocos2d\cocos\2d\Debug.win32\mat3.obj
G:\cocos2dx\thiefTD\cocos2d\cocos\2d\Debug.win32\mat4.obj
G:\cocos2dx\thiefTD\cocos2d\cocos\2d\Debug.win32\mat4stack.obj
G:\cocos2dx\thiefTD\cocos2d\cocos\2d\Debug.win32\matrix.obj
G:\cocos2dx\thiefTD\cocos2d\cocos\2d\Debug.win32\neon_matrix_impl.obj
G:\cocos2dx\thiefTD\cocos2d\cocos\2d\Debug.win32\plane.obj
G:\cocos2dx\thiefTD\cocos2d\cocos\2d\Debug.win32\quaternion.obj
G:\cocos2dx\thiefTD\cocos2d\cocos\2d\Debug.win32\ray2.obj
G:\cocos2dx\thiefTD\cocos2d\cocos\2d\Debug.win32\ray3.obj
G:\cocos2dx\thiefTD\cocos2d\cocos\2d\Debug.win32\s3tc.obj
G:\cocos2dx\thiefTD\cocos2d\cocos\2d\Debug.win32\TGAlib.obj
G:\cocos2dx\thiefTD\cocos2d\cocos\2d\Debug.win32\tinyxml2.obj
G:\cocos2dx\thiefTD\cocos2d\cocos\2d\Debug.win32\TransformUtils.obj
G:\cocos2dx\thiefTD\cocos2d\cocos\2d\Debug.win32\unzip.obj
G:\cocos2dx\thiefTD\cocos2d\cocos\2d\Debug.win32\utility.obj
G:\cocos2dx\thiefTD\cocos2d\cocos\2d\Debug.win32\vec2.obj
G:\cocos2dx\thiefTD\cocos2d\cocos\2d\Debug.win32\vec3.obj
G:\cocos2dx\thiefTD\cocos2d\cocos\2d\Debug.win32\vec4.obj
G:\cocos2dx\thiefTD\cocos2d\cocos\2d\Debug.win32\ZipUtils.obj
G:\cocos2dx\thiefTD\cocos2d\cocos\2d\Debug.win32\CL.2324.read.1.tlog
G:\cocos2dx\thiefTD\cocos2d\cocos\2d\Debug.win32\CL.2324.write.1.tlog
G:\cocos2dx\thiefTD\cocos2d\cocos\2d\Debug.win32\CL.3208.read.1.tlog
G:\cocos2dx\thiefTD\cocos2d\cocos\2d\Debug.win32\CL.3208.write.1.tlog
G:\cocos2dx\thiefTD\cocos2d\cocos\2d\Debug.win32\CL.5132.read.1.tlog
G:\cocos2dx\thiefTD\cocos2d\cocos\2d\Debug.win32\CL.5132.write.1.tlog
G:\cocos2dx\thiefTD\cocos2d\cocos\2d\Debug.win32\CL.6532.read.1.tlog
G:\cocos2dx\thiefTD\cocos2d\cocos\2d\Debug.win32\CL.6532.write.1.tlog
G:\cocos2dx\thiefTD\cocos2d\cocos\2d\Debug.win32\cl.command.1.tlog
G:\cocos2dx\thiefTD\cocos2d\cocos\2d\Debug.win32\CL.read.1.tlog
G:\cocos2dx\thiefTD\cocos2d\cocos\2d\Debug.win32\cl.write.1.tlog
G:\cocos2dx\thiefTD\cocos2d\cocos\2d\Debug.win32\Lib-link.read.1.tlog
G:\cocos2dx\thiefTD\cocos2d\cocos\2d\Debug.win32\Lib-link.write.1.tlog
G:\cocos2dx\thiefTD\cocos2d\cocos\2d\Debug.win32\lib.command.1.tlog
G:\cocos2dx\thiefTD\proj.win32\Debug.win32\libcocos2d.lib
